<?xml version="1.0" encoding="UTF-8"?>
<!-- Generated by org.testng.reporters.JUnitReportReporter -->
<testsuite hostname="LAPTOP-4PEF2DB4" failures="0" tests="4" name="api.test.UserTests" time="10.452" errors="0" timestamp="2024-06-08T13:40:10 IST" skipped="0">
  <testcase classname="api.test.UserTests" name="testPostUser" time="4.060"/>
  <system-out/>
  <testcase classname="api.test.UserTests" name="testGetUserByName" time="1.624"/>
  <system-out/>
  <testcase classname="api.test.UserTests" name="testUpdateUserByName" time="3.168"/>
  <system-out/>
  <testcase classname="api.test.UserTests" name="testDeleteUserByName" time="1.600"/>
  <system-out/>
</testsuite> <!-- api.test.UserTests -->
